<?xml version="1.0" encoding="UTF-8"?>
<testsuites errors="5" failures="5"><testsuite name="BackstopJS" tests="5" errors="5" failures="5"><testcase name=" ›› BackstopJS Homepage" classname="body"><error message="Design deviation ›› BackstopJS Homepage (body) component" type="CSS component"/><failure message="Design deviation ›› BackstopJS Homepage (body) component" type="CSS component"/></testcase><testcase name=" ›› BackstopJS Homepage" classname="body"><error message="Design deviation ›› BackstopJS Homepage (body) component" type="CSS component"/><failure message="Design deviation ›› BackstopJS Homepage (body) component" type="CSS component"/></testcase><testcase name=" ›› BackstopJS Homepage" classname="body"><error message="Design deviation ›› BackstopJS Homepage (body) component" type="CSS component"/><failure message="Design deviation ›› BackstopJS Homepage (body) component" type="CSS component"/></testcase><testcase name=" ›› BackstopJS Homepage" classname="body"><error message="Design deviation ›› BackstopJS Homepage (body) component" type="CSS component"/><failure message="Design deviation ›› BackstopJS Homepage (body) component" type="CSS component"/></testcase><testcase name=" ›› BackstopJS Homepage" classname="body"><error message="Design deviation ›› BackstopJS Homepage (body) component" type="CSS component"/><failure message="Design deviation ›› BackstopJS Homepage (body) component" type="CSS component"/></testcase></testsuite></testsuites>